c:\users\amer\documents\visual studio 2017\projects\soduko\soduko\debug\vc141.pdb
c:\users\amer\documents\visual studio 2017\projects\soduko\soduko\debug\vc141.idb
c:\users\amer\documents\visual studio 2017\projects\soduko\soduko\debug\finddata.obj
c:\users\amer\documents\visual studio 2017\projects\soduko\soduko\debug\finddatasud.obj
c:\users\amer\documents\visual studio 2017\projects\soduko\soduko\debug\getnumobject.obj
c:\users\amer\documents\visual studio 2017\projects\soduko\soduko\debug\getnumobjectspalte.obj
c:\users\amer\documents\visual studio 2017\projects\soduko\soduko\debug\getnumobjectzeile.obj
c:\users\amer\documents\visual studio 2017\projects\soduko\soduko\debug\gotoxy.obj
c:\users\amer\documents\visual studio 2017\projects\soduko\soduko\debug\init.obj
c:\users\amer\documents\visual studio 2017\projects\soduko\soduko\debug\is_empty.obj
c:\users\amer\documents\visual studio 2017\projects\soduko\soduko\debug\musuan.obj
c:\users\amer\documents\visual studio 2017\projects\soduko\soduko\debug\push.obj
c:\users\amer\documents\visual studio 2017\projects\soduko\soduko\debug\readobjectlist.obj
c:\users\amer\documents\visual studio 2017\projects\soduko\soduko\debug\rechner.obj
c:\users\amer\documents\visual studio 2017\projects\soduko\soduko\debug\showentry.obj
c:\users\amer\documents\visual studio 2017\projects\soduko\soduko\debug\showentrylist.obj
c:\users\amer\documents\visual studio 2017\projects\soduko\soduko\debug\showentrysud.obj
c:\users\amer\documents\visual studio 2017\projects\soduko\soduko\debug\soduko.obj
c:\users\amer\documents\visual studio 2017\projects\soduko\soduko\debug\pop.obj
c:\users\amer\documents\visual studio 2017\projects\soduko\soduko\debug\top.obj
c:\users\amer\documents\visual studio 2017\projects\soduko\soduko\debug\zsuche.obj
c:\users\amer\documents\visual studio 2017\projects\soduko\soduko\debug\backtracking.obj
c:\users\amer\documents\visual studio 2017\projects\soduko\soduko\debug\empty.obj
c:\users\amer\documents\visual studio 2017\projects\soduko\soduko\debug\soduko.tlog\cl.command.1.tlog
c:\users\amer\documents\visual studio 2017\projects\soduko\soduko\debug\soduko.tlog\cl.read.1.tlog
c:\users\amer\documents\visual studio 2017\projects\soduko\soduko\debug\soduko.tlog\cl.write.1.tlog
